2023-11-22 11:58:15.305 xcodebuild[2048:48272]  DTDeviceKit: Failed to mount DDI from '<DVTFilePath:0x6000036e5f80:'/Applications/Xcode.app/Contents/Developer/Platforms/iPhoneOS.platform/DeviceSupport/16.1/DeveloperDiskImage.dmg'>', error=-402652958: Error Domain=com.apple.dtdevicekit Code=806 "Failed to prepare the device for development." UserInfo={AssociatedMobileDeviceFunction=AMDeviceMountImage, NSUnderlyingError=0x6000013cb960 {Error Domain=com.apple.dt.MobileDeviceErrorDomain Code=-402652958 "The device is locked." UserInfo={MobileDeviceErrorCode=(0xE80000E2), com.apple.dtdevicekit.stacktrace=(
	0   DTDeviceKitBase                     0x000000011a31267c DTDKCreateNSErrorFromAMDErrorCode + 229
	1   DTDeviceKitBase                     0x000000011a343513 -[DTDKMobileDeviceToken _mountDeveloperDiskImage:withError:] + 914
	2   DTDeviceKitBase                     0x000000011a344004 __58-[DTDKMobileDeviceToken mountDeveloperDiskImageWithError:]_block_invoke + 603
	3   libdispatch.dylib                   0x00007ff80129e033 _dispatch_client_callout + 8
	4   libdispatch.dylib                   0x00007ff8012abba1 _dispatch_lane_barrier_sync_invoke_and_complete + 60
	5   DTDeviceKitBase                     0x000000011a343d49 -[DTDKMobileDeviceToken mountDeveloperDiskImageWithError:] + 186
	6   IDEiOSSupportCore                   0x000000011a1fc02e __37-[DVTiOSDevice(Connect) hasConnected]_block_invoke_2 + 132
	7   DVTFoundation                       0x000000010a755134 __DVT_CALLING_CLIENT_BLOCK__ + 7
	8   DVTFoundation                       0x000000010a756685 __DVTDispatchGroupAsync_block_invoke + 196
	9   libdispatch.dylib                   0x00007ff80129cd91 _dispatch_call_block_and_release + 12
	10  libdispatch.dylib                   0x00007ff80129e033 _dispatch_client_callout + 8
	11  libdispatch.dylib                   0x00007ff8012a0bdd _dispatch_continuation_pop + 583
	12  libdispatch.dylib                   0x00007ff8012a01e9 _dispatch_async_redirect_invoke + 714
	13  libdispatch.dylib                   0x00007ff8012adfa2 _dispatch_root_queue_drain + 343
	14  libdispatch.dylib                   0x00007ff8012ae768 _dispatch_worker_thread2 + 170
	15  libsystem_pthread.dylib             0x00007ff80143bc0f _pthread_wqthread + 257
	16  libsystem_pthread.dylib             0x00007ff80143abbf start_wqthread + 15
), DVTRadarComponentKey=261622, NSLocalizedDescription=The device is locked.}}, NSLocalizedRecoverySuggestion=Please unlock and reconnect the device., NSLocalizedFailure=The device is locked., DVTRadarComponentKey=487927, NSLocalizedDescription=Failed to prepare the device for development.}
2023-11-22 11:58:15.306 xcodebuild[2048:48272]  iPhoneConnect: 📱<DVTiOSDevice (0x7fce82615360), iPhone Работа, iPhone, 16.3.1 (20D67), 00008101-001C05882EA0001E> unable to mount developer disk image, (Error Domain=com.apple.dtdevicekit Code=806 "Failed to prepare the device for development." UserInfo={AssociatedMobileDeviceFunction=AMDeviceMountImage, NSUnderlyingError=0x6000013cb960 {Error Domain=com.apple.dt.MobileDeviceErrorDomain Code=-402652958 "The device is locked." UserInfo={MobileDeviceErrorCode=(0xE80000E2), com.apple.dtdevicekit.stacktrace=(
	0   DTDeviceKitBase                     0x000000011a31267c DTDKCreateNSErrorFromAMDErrorCode + 229
	1   DTDeviceKitBase                     0x000000011a343513 -[DTDKMobileDeviceToken _mountDeveloperDiskImage:withError:] + 914
	2   DTDeviceKitBase                     0x000000011a344004 __58-[DTDKMobileDeviceToken mountDeveloperDiskImageWithError:]_block_invoke + 603
	3   libdispatch.dylib                   0x00007ff80129e033 _dispatch_client_callout + 8
	4   libdispatch.dylib                   0x00007ff8012abba1 _dispatch_lane_barrier_sync_invoke_and_complete + 60
	5   DTDeviceKitBase                     0x000000011a343d49 -[DTDKMobileDeviceToken mountDeveloperDiskImageWithError:] + 186
	6   IDEiOSSupportCore                   0x000000011a1fc02e __37-[DVTiOSDevice(Connect) hasConnected]_block_invoke_2 + 132
	7   DVTFoundation                       0x000000010a755134 __DVT_CALLING_CLIENT_BLOCK__ + 7
	8   DVTFoundation                       0x000000010a756685 __DVTDispatchGroupAsync_block_invoke + 196
	9   libdispatch.dylib                   0x00007ff80129cd91 _dispatch_call_block_and_release + 12
	10  libdispatch.dylib                   0x00007ff80129e033 _dispatch_client_callout + 8
	11  libdispatch.dylib                   0x00007ff8012a0bdd _dispatch_continuation_pop + 583
	12  libdispatch.dylib                   0x00007ff8012a01e9 _dispatch_async_redirect_invoke + 714
	13  libdispatch.dylib                   0x00007ff8012adfa2 _dispatch_root_queue_drain + 343
	14  libdispatch.dylib                   0x00007ff8012ae768 _dispatch_worker_thread2 + 170
	15  libsystem_pthread.dylib             0x00007ff80143bc0f _pthread_wqthread + 257
	16  libsystem_pthread.dylib             0x00007ff80143abbf start_wqthread + 15
), DVTRadarComponentKey=261622, NSLocalizedDescription=The device is locked.}}, NSLocalizedRecoverySuggestion=Please unlock and reconnect the device., NSLocalizedFailure=The device is locked., DVTRadarComponentKey=487927, NSLocalizedDescription=Failed to prepare the device for development.}) {
    AssociatedMobileDeviceFunction = AMDeviceMountImage;
    DVTRadarComponentKey = 487927;
    NSLocalizedDescription = "Failed to prepare the device for development.";
    NSLocalizedFailure = "The device is locked.";
    NSLocalizedRecoverySuggestion = "Please unlock and reconnect the device.";
    NSUnderlyingError = "Error Domain=com.apple.dt.MobileDeviceErrorDomain Code=-402652958 \"The device is locked.\" UserInfo={MobileDeviceErrorCode=(0xE80000E2), com.apple.dtdevicekit.stacktrace=(\n\t0   DTDeviceKitBase                     0x000000011a31267c DTDKCreateNSErrorFromAMDErrorCode + 229\n\t1   DTDeviceKitBase                     0x000000011a343513 -[DTDKMobileDeviceToken _mountDeveloperDiskImage:withError:] + 914\n\t2   DTDeviceKitBase                     0x000000011a344004 __58-[DTDKMobileDeviceToken mountDeveloperDiskImageWithError:]_block_invoke + 603\n\t3   libdispatch.dylib                   0x00007ff80129e033 _dispatch_client_callout + 8\n\t4   libdispatch.dylib                   0x00007ff8012abba1 _dispatch_lane_barrier_sync_invoke_and_complete + 60\n\t5   DTDeviceKitBase                     0x000000011a343d49 -[DTDKMobileDeviceToken mountDeveloperDiskImageWithError:] + 186\n\t6   IDEiOSSupportCore                   0x000000011a1fc02e __37-[DVTiOSDevice(Connect) hasConnected]_block_invoke_2 + 132\n\t7   DVTFoundation                       0x000000010a755134 __DVT_CALLING_CLIENT_BLOCK__ + 7\n\t8   DVTFoundation                       0x000000010a756685 __DVTDispatchGroupAsync_block_invoke + 196\n\t9   libdispatch.dylib                   0x00007ff80129cd91 _dispatch_call_block_and_release + 12\n\t10  libdispatch.dylib                   0x00007ff80129e033 _dispatch_client_callout + 8\n\t11  libdispatch.dylib                   0x00007ff8012a0bdd _dispatch_continuation_pop + 583\n\t12  libdispatch.dylib                   0x00007ff8012a01e9 _dispatch_async_redirect_invoke + 714\n\t13  libdispatch.dylib                   0x00007ff8012adfa2 _dispatch_root_queue_drain + 343\n\t14  libdispatch.dylib                   0x00007ff8012ae768 _dispatch_worker_thread2 + 170\n\t15  libsystem_pthread.dylib             0x00007ff80143bc0f _pthread_wqthread + 257\n\t16  libsystem_pthread.dylib             0x00007ff80143abbf start_wqthread + 15\n), DVTRadarComponentKey=261622, NSLocalizedDescription=The device is locked.}";
}
2023-11-22 11:58:15.306 xcodebuild[2048:48130] [MT] iPhoneConnect: 📱<DVTiOSDevice (0x7fce82615360), iPhone Работа, iPhone, 16.3.1 (20D67), 00008101-001C05882EA0001E> -- An error occurred whilst preparing device for development -- Failed to prepare the device for development.
Domain: com.apple.dtdevicekit
Code: 806
Recovery Suggestion: Please unlock and reconnect the device.
User Info: {
    AssociatedMobileDeviceFunction = AMDeviceMountImage;
    DVTRadarComponentKey = 487927;
    NSLocalizedFailure = "The device is locked.";
}
--
The device is locked.
Domain: com.apple.dt.MobileDeviceErrorDomain
Code: -402652958
User Info: {
    DVTRadarComponentKey = 261622;
    MobileDeviceErrorCode = "(0xE80000E2)";
    "com.apple.dtdevicekit.stacktrace" = (
	0   DTDeviceKitBase                     0x000000011a31267c DTDKCreateNSErrorFromAMDErrorCode + 229
	1   DTDeviceKitBase                     0x000000011a343513 -[DTDKMobileDeviceToken _mountDeveloperDiskImage:withError:] + 914
	2   DTDeviceKitBase                     0x000000011a344004 __58-[DTDKMobileDeviceToken mountDeveloperDiskImageWithError:]_block_invoke + 603
	3   libdispatch.dylib                   0x00007ff80129e033 _dispatch_client_callout + 8
	4   libdispatch.dylib                   0x00007ff8012abba1 _dispatch_lane_barrier_sync_invoke_and_complete + 60
	5   DTDeviceKitBase                     0x000000011a343d49 -[DTDKMobileDeviceToken mountDeveloperDiskImageWithError:] + 186
	6   IDEiOSSupportCore                   0x000000011a1fc02e __37-[DVTiOSDevice(Connect) hasConnected]_block_invoke_2 + 132
	7   DVTFoundation                       0x000000010a755134 __DVT_CALLING_CLIENT_BLOCK__ + 7
	8   DVTFoundation                       0x000000010a756685 __DVTDispatchGroupAsync_block_invoke + 196
	9   libdispatch.dylib                   0x00007ff80129cd91 _dispatch_call_block_and_release + 12
	10  libdispatch.dylib                   0x00007ff80129e033 _dispatch_client_callout + 8
	11  libdispatch.dylib                   0x00007ff8012a0bdd _dispatch_continuation_pop + 583
	12  libdispatch.dylib                   0x00007ff8012a01e9 _dispatch_async_redirect_invoke + 714
	13  libdispatch.dylib                   0x00007ff8012adfa2 _dispatch_root_queue_drain + 343
	14  libdispatch.dylib                   0x00007ff8012ae768 _dispatch_worker_thread2 + 170
	15  libsystem_pthread.dylib             0x00007ff80143bc0f _pthread_wqthread + 257
	16  libsystem_pthread.dylib             0x00007ff80143abbf start_wqthread + 15
);
}
--
2023-11-22 11:58:15.306 xcodebuild[2048:48130] [MT] iPhoneConnect: 📱<DVTiOSDevice (0x7fce82615360), iPhone Работа, iPhone, 16.3.1 (20D67), 00008101-001C05882EA0001E> == Underlying device preparation errors ==
2023-11-22 11:58:15.306 xcodebuild[2048:48130] [MT] iPhoneConnect: Failed to prepare the device for development.
Domain: com.apple.dtdevicekit
Code: 806
Recovery Suggestion: Please unlock and reconnect the device.
User Info: {
    AssociatedMobileDeviceFunction = AMDeviceMountImage;
    DVTRadarComponentKey = 487927;
    NSLocalizedFailure = "The device is locked.";
}
--
The device is locked.
Domain: com.apple.dt.MobileDeviceErrorDomain
Code: -402652958
User Info: {
    DVTRadarComponentKey = 261622;
    MobileDeviceErrorCode = "(0xE80000E2)";
    "com.apple.dtdevicekit.stacktrace" = (
	0   DTDeviceKitBase                     0x000000011a31267c DTDKCreateNSErrorFromAMDErrorCode + 229
	1   DTDeviceKitBase                     0x000000011a343513 -[DTDKMobileDeviceToken _mountDeveloperDiskImage:withError:] + 914
	2   DTDeviceKitBase                     0x000000011a344004 __58-[DTDKMobileDeviceToken mountDeveloperDiskImageWithError:]_block_invoke + 603
	3   libdispatch.dylib                   0x00007ff80129e033 _dispatch_client_callout + 8
	4   libdispatch.dylib                   0x00007ff8012abba1 _dispatch_lane_barrier_sync_invoke_and_complete + 60
	5   DTDeviceKitBase                     0x000000011a343d49 -[DTDKMobileDeviceToken mountDeveloperDiskImageWithError:] + 186
	6   IDEiOSSupportCore                   0x000000011a1fc02e __37-[DVTiOSDevice(Connect) hasConnected]_block_invoke_2 + 132
	7   DVTFoundation                       0x000000010a755134 __DVT_CALLING_CLIENT_BLOCK__ + 7
	8   DVTFoundation                       0x000000010a756685 __DVTDispatchGroupAsync_block_invoke + 196
	9   libdispatch.dylib                   0x00007ff80129cd91 _dispatch_call_block_and_release + 12
	10  libdispatch.dylib                   0x00007ff80129e033 _dispatch_client_callout + 8
	11  libdispatch.dylib                   0x00007ff8012a0bdd _dispatch_continuation_pop + 583
	12  libdispatch.dylib                   0x00007ff8012a01e9 _dispatch_async_redirect_invoke + 714
	13  libdispatch.dylib                   0x00007ff8012adfa2 _dispatch_root_queue_drain + 343
	14  libdispatch.dylib                   0x00007ff8012ae768 _dispatch_worker_thread2 + 170
	15  libsystem_pthread.dylib             0x00007ff80143bc0f _pthread_wqthread + 257
	16  libsystem_pthread.dylib             0x00007ff80143abbf start_wqthread + 15
);
}
--
2023-11-22 11:58:15.306 xcodebuild[2048:48130] [MT] iPhoneConnect: 📱<DVTiOSDevice (0x7fce82615360), iPhone Работа, iPhone, 16.3.1 (20D67), 00008101-001C05882EA0001E> == END: Underlying device preparation errors ==
2023-11-22 11:58:15.505 xcodebuild[2048:48272]  DTDeviceKit: Failed to mount DDI from '<DVTFilePath:0x6000036e5f80:'/Applications/Xcode.app/Contents/Developer/Platforms/iPhoneOS.platform/DeviceSupport/16.1/DeveloperDiskImage.dmg'>', error=-402652958: Error Domain=com.apple.dtdevicekit Code=806 "Failed to prepare the device for development." UserInfo={AssociatedMobileDeviceFunction=AMDeviceMountImage, NSUnderlyingError=0x600000f4a220 {Error Domain=com.apple.dt.MobileDeviceErrorDomain Code=-402652958 "The device is locked." UserInfo={MobileDeviceErrorCode=(0xE80000E2), com.apple.dtdevicekit.stacktrace=(
	0   DTDeviceKitBase                     0x000000011a31267c DTDKCreateNSErrorFromAMDErrorCode + 229
	1   DTDeviceKitBase                     0x000000011a343513 -[DTDKMobileDeviceToken _mountDeveloperDiskImage:withError:] + 914
	2   DTDeviceKitBase                     0x000000011a344004 __58-[DTDKMobileDeviceToken mountDeveloperDiskImageWithError:]_block_invoke + 603
	3   libdispatch.dylib                   0x00007ff80129e033 _dispatch_client_callout + 8
	4   libdispatch.dylib                   0x00007ff8012abba1 _dispatch_lane_barrier_sync_invoke_and_complete + 60
	5   DTDeviceKitBase                     0x000000011a343d49 -[DTDKMobileDeviceToken mountDeveloperDiskImageWithError:] + 186
	6   IDEiOSSupportCore                   0x000000011a1fc02e __37-[DVTiOSDevice(Connect) hasConnected]_block_invoke_2 + 132
	7   DVTFoundation                       0x000000010a755134 __DVT_CALLING_CLIENT_BLOCK__ + 7
	8   DVTFoundation                       0x000000010a756685 __DVTDispatchGroupAsync_block_invoke + 196
	9   libdispatch.dylib                   0x00007ff80129cd91 _dispatch_call_block_and_release + 12
	10  libdispatch.dylib                   0x00007ff80129e033 _dispatch_client_callout + 8
	11  libdispatch.dylib                   0x00007ff8012a0bdd _dispatch_continuation_pop + 583
	12  libdispatch.dylib                   0x00007ff8012a01e9 _dispatch_async_redirect_invoke + 714
	13  libdispatch.dylib                   0x00007ff8012adfa2 _dispatch_root_queue_drain + 343
	14  libdispatch.dylib                   0x00007ff8012ae768 _dispatch_worker_thread2 + 170
	15  libsystem_pthread.dylib             0x00007ff80143bc0f _pthread_wqthread + 257
	16  libsystem_pthread.dylib             0x00007ff80143abbf start_wqthread + 15
), DVTRadarComponentKey=261622, NSLocalizedDescription=The device is locked.}}, NSLocalizedRecoverySuggestion=Please unlock and reconnect the device., NSLocalizedFailure=The device is locked., DVTRadarComponentKey=487927, NSLocalizedDescription=Failed to prepare the device for development.}
2023-11-22 11:58:15.505 xcodebuild[2048:48272]  iPhoneConnect: 📱<DVTiOSDevice (0x7fce82615360), iPhone Работа, iPhone, 16.3.1 (20D67), 00008101-001C05882EA0001E> unable to mount developer disk image, (Error Domain=com.apple.dtdevicekit Code=806 "Failed to prepare the device for development." UserInfo={AssociatedMobileDeviceFunction=AMDeviceMountImage, NSUnderlyingError=0x600000f4a220 {Error Domain=com.apple.dt.MobileDeviceErrorDomain Code=-402652958 "The device is locked." UserInfo={MobileDeviceErrorCode=(0xE80000E2), com.apple.dtdevicekit.stacktrace=(
	0   DTDeviceKitBase                     0x000000011a31267c DTDKCreateNSErrorFromAMDErrorCode + 229
	1   DTDeviceKitBase                     0x000000011a343513 -[DTDKMobileDeviceToken _mountDeveloperDiskImage:withError:] + 914
	2   DTDeviceKitBase                     0x000000011a344004 __58-[DTDKMobileDeviceToken mountDeveloperDiskImageWithError:]_block_invoke + 603
	3   libdispatch.dylib                   0x00007ff80129e033 _dispatch_client_callout + 8
	4   libdispatch.dylib                   0x00007ff8012abba1 _dispatch_lane_barrier_sync_invoke_and_complete + 60
	5   DTDeviceKitBase                     0x000000011a343d49 -[DTDKMobileDeviceToken mountDeveloperDiskImageWithError:] + 186
	6   IDEiOSSupportCore                   0x000000011a1fc02e __37-[DVTiOSDevice(Connect) hasConnected]_block_invoke_2 + 132
	7   DVTFoundation                       0x000000010a755134 __DVT_CALLING_CLIENT_BLOCK__ + 7
	8   DVTFoundation                       0x000000010a756685 __DVTDispatchGroupAsync_block_invoke + 196
	9   libdispatch.dylib                   0x00007ff80129cd91 _dispatch_call_block_and_release + 12
	10  libdispatch.dylib                   0x00007ff80129e033 _dispatch_client_callout + 8
	11  libdispatch.dylib                   0x00007ff8012a0bdd _dispatch_continuation_pop + 583
	12  libdispatch.dylib                   0x00007ff8012a01e9 _dispatch_async_redirect_invoke + 714
	13  libdispatch.dylib                   0x00007ff8012adfa2 _dispatch_root_queue_drain + 343
	14  libdispatch.dylib                   0x00007ff8012ae768 _dispatch_worker_thread2 + 170
	15  libsystem_pthread.dylib             0x00007ff80143bc0f _pthread_wqthread + 257
	16  libsystem_pthread.dylib             0x00007ff80143abbf start_wqthread + 15
), DVTRadarComponentKey=261622, NSLocalizedDescription=The device is locked.}}, NSLocalizedRecoverySuggestion=Please unlock and reconnect the device., NSLocalizedFailure=The device is locked., DVTRadarComponentKey=487927, NSLocalizedDescription=Failed to prepare the device for development.}) {
    AssociatedMobileDeviceFunction = AMDeviceMountImage;
    DVTRadarComponentKey = 487927;
    NSLocalizedDescription = "Failed to prepare the device for development.";
    NSLocalizedFailure = "The device is locked.";
    NSLocalizedRecoverySuggestion = "Please unlock and reconnect the device.";
    NSUnderlyingError = "Error Domain=com.apple.dt.MobileDeviceErrorDomain Code=-402652958 \"The device is locked.\" UserInfo={MobileDeviceErrorCode=(0xE80000E2), com.apple.dtdevicekit.stacktrace=(\n\t0   DTDeviceKitBase                     0x000000011a31267c DTDKCreateNSErrorFromAMDErrorCode + 229\n\t1   DTDeviceKitBase                     0x000000011a343513 -[DTDKMobileDeviceToken _mountDeveloperDiskImage:withError:] + 914\n\t2   DTDeviceKitBase                     0x000000011a344004 __58-[DTDKMobileDeviceToken mountDeveloperDiskImageWithError:]_block_invoke + 603\n\t3   libdispatch.dylib                   0x00007ff80129e033 _dispatch_client_callout + 8\n\t4   libdispatch.dylib                   0x00007ff8012abba1 _dispatch_lane_barrier_sync_invoke_and_complete + 60\n\t5   DTDeviceKitBase                     0x000000011a343d49 -[DTDKMobileDeviceToken mountDeveloperDiskImageWithError:] + 186\n\t6   IDEiOSSupportCore                   0x000000011a1fc02e __37-[DVTiOSDevice(Connect) hasConnected]_block_invoke_2 + 132\n\t7   DVTFoundation                       0x000000010a755134 __DVT_CALLING_CLIENT_BLOCK__ + 7\n\t8   DVTFoundation                       0x000000010a756685 __DVTDispatchGroupAsync_block_invoke + 196\n\t9   libdispatch.dylib                   0x00007ff80129cd91 _dispatch_call_block_and_release + 12\n\t10  libdispatch.dylib                   0x00007ff80129e033 _dispatch_client_callout + 8\n\t11  libdispatch.dylib                   0x00007ff8012a0bdd _dispatch_continuation_pop + 583\n\t12  libdispatch.dylib                   0x00007ff8012a01e9 _dispatch_async_redirect_invoke + 714\n\t13  libdispatch.dylib                   0x00007ff8012adfa2 _dispatch_root_queue_drain + 343\n\t14  libdispatch.dylib                   0x00007ff8012ae768 _dispatch_worker_thread2 + 170\n\t15  libsystem_pthread.dylib             0x00007ff80143bc0f _pthread_wqthread + 257\n\t16  libsystem_pthread.dylib             0x00007ff80143abbf start_wqthread + 15\n), DVTRadarComponentKey=261622, NSLocalizedDescription=The device is locked.}";
}
2023-11-22 11:58:15.556 xcodebuild[2048:48130] [MT] iPhoneConnect: 📱<DVTiOSDevice (0x7fce82615360), iPhone Работа, iPhone, 16.3.1 (20D67), 00008101-001C05882EA0001E> -- An error occurred whilst preparing device for development -- Failed to prepare the device for development.
Domain: com.apple.dtdevicekit
Code: 806
Recovery Suggestion: Please unlock and reconnect the device.
User Info: {
    AssociatedMobileDeviceFunction = AMDeviceMountImage;
    DVTRadarComponentKey = 487927;
    NSLocalizedFailure = "The device is locked.";
}
--
The device is locked.
Domain: com.apple.dt.MobileDeviceErrorDomain
Code: -402652958
User Info: {
    DVTRadarComponentKey = 261622;
    MobileDeviceErrorCode = "(0xE80000E2)";
    "com.apple.dtdevicekit.stacktrace" = (
	0   DTDeviceKitBase                     0x000000011a31267c DTDKCreateNSErrorFromAMDErrorCode + 229
	1   DTDeviceKitBase                     0x000000011a343513 -[DTDKMobileDeviceToken _mountDeveloperDiskImage:withError:] + 914
	2   DTDeviceKitBase                     0x000000011a344004 __58-[DTDKMobileDeviceToken mountDeveloperDiskImageWithError:]_block_invoke + 603
	3   libdispatch.dylib                   0x00007ff80129e033 _dispatch_client_callout + 8
	4   libdispatch.dylib                   0x00007ff8012abba1 _dispatch_lane_barrier_sync_invoke_and_complete + 60
	5   DTDeviceKitBase                     0x000000011a343d49 -[DTDKMobileDeviceToken mountDeveloperDiskImageWithError:] + 186
	6   IDEiOSSupportCore                   0x000000011a1fc02e __37-[DVTiOSDevice(Connect) hasConnected]_block_invoke_2 + 132
	7   DVTFoundation                       0x000000010a755134 __DVT_CALLING_CLIENT_BLOCK__ + 7
	8   DVTFoundation                       0x000000010a756685 __DVTDispatchGroupAsync_block_invoke + 196
	9   libdispatch.dylib                   0x00007ff80129cd91 _dispatch_call_block_and_release + 12
	10  libdispatch.dylib                   0x00007ff80129e033 _dispatch_client_callout + 8
	11  libdispatch.dylib                   0x00007ff8012a0bdd _dispatch_continuation_pop + 583
	12  libdispatch.dylib                   0x00007ff8012a01e9 _dispatch_async_redirect_invoke + 714
	13  libdispatch.dylib                   0x00007ff8012adfa2 _dispatch_root_queue_drain + 343
	14  libdispatch.dylib                   0x00007ff8012ae768 _dispatch_worker_thread2 + 170
	15  libsystem_pthread.dylib             0x00007ff80143bc0f _pthread_wqthread + 257
	16  libsystem_pthread.dylib             0x00007ff80143abbf start_wqthread + 15
);
}
--
2023-11-22 11:58:15.556 xcodebuild[2048:48130] [MT] iPhoneConnect: 📱<DVTiOSDevice (0x7fce82615360), iPhone Работа, iPhone, 16.3.1 (20D67), 00008101-001C05882EA0001E> == Underlying device preparation errors ==
2023-11-22 11:58:15.556 xcodebuild[2048:48130] [MT] iPhoneConnect: Failed to prepare the device for development.
Domain: com.apple.dtdevicekit
Code: 806
Recovery Suggestion: Please unlock and reconnect the device.
User Info: {
    AssociatedMobileDeviceFunction = AMDeviceMountImage;
    DVTRadarComponentKey = 487927;
    NSLocalizedFailure = "The device is locked.";
}
--
The device is locked.
Domain: com.apple.dt.MobileDeviceErrorDomain
Code: -402652958
User Info: {
    DVTRadarComponentKey = 261622;
    MobileDeviceErrorCode = "(0xE80000E2)";
    "com.apple.dtdevicekit.stacktrace" = (
	0   DTDeviceKitBase                     0x000000011a31267c DTDKCreateNSErrorFromAMDErrorCode + 229
	1   DTDeviceKitBase                     0x000000011a343513 -[DTDKMobileDeviceToken _mountDeveloperDiskImage:withError:] + 914
	2   DTDeviceKitBase                     0x000000011a344004 __58-[DTDKMobileDeviceToken mountDeveloperDiskImageWithError:]_block_invoke + 603
	3   libdispatch.dylib                   0x00007ff80129e033 _dispatch_client_callout + 8
	4   libdispatch.dylib                   0x00007ff8012abba1 _dispatch_lane_barrier_sync_invoke_and_complete + 60
	5   DTDeviceKitBase                     0x000000011a343d49 -[DTDKMobileDeviceToken mountDeveloperDiskImageWithError:] + 186
	6   IDEiOSSupportCore                   0x000000011a1fc02e __37-[DVTiOSDevice(Connect) hasConnected]_block_invoke_2 + 132
	7   DVTFoundation                       0x000000010a755134 __DVT_CALLING_CLIENT_BLOCK__ + 7
	8   DVTFoundation                       0x000000010a756685 __DVTDispatchGroupAsync_block_invoke + 196
	9   libdispatch.dylib                   0x00007ff80129cd91 _dispatch_call_block_and_release + 12
	10  libdispatch.dylib                   0x00007ff80129e033 _dispatch_client_callout + 8
	11  libdispatch.dylib                   0x00007ff8012a0bdd _dispatch_continuation_pop + 583
	12  libdispatch.dylib                   0x00007ff8012a01e9 _dispatch_async_redirect_invoke + 714
	13  libdispatch.dylib                   0x00007ff8012adfa2 _dispatch_root_queue_drain + 343
	14  libdispatch.dylib                   0x00007ff8012ae768 _dispatch_worker_thread2 + 170
	15  libsystem_pthread.dylib             0x00007ff80143bc0f _pthread_wqthread + 257
	16  libsystem_pthread.dylib             0x00007ff80143abbf start_wqthread + 15
);
}
--
2023-11-22 11:58:15.556 xcodebuild[2048:48130] [MT] iPhoneConnect: 📱<DVTiOSDevice (0x7fce82615360), iPhone Работа, iPhone, 16.3.1 (20D67), 00008101-001C05882EA0001E> == END: Underlying device preparation errors ==
2023-11-22 11:58:17.508 xcodebuild[2048:48130] [MT] DVTAssertions: Warning in /System/Volumes/Data/SWE/Apps/DT/BuildRoots/BuildRoot11/ActiveBuildRoot/Library/Caches/com.apple.xbs/Sources/IDEFrameworks/IDEFrameworks-22269/IDEFoundation/Provisioning/Capabilities Infrastructure/IDECapabilityQuerySelection.swift:103
Details:  createItemModels creation requirements should not create capability item model for a capability item model that already exists.
Function: createItemModels(for:itemModelSource:)
Thread:   <_NSMainThread: 0x600000a643c0>{number = 1, name = main}
Please file a bug at https://feedbackassistant.apple.com with this warning message and any useful information you can provide.
2023-11-22 11:58:17.508 xcodebuild[2048:48130] [MT] DVTAssertions: Warning in /System/Volumes/Data/SWE/Apps/DT/BuildRoots/BuildRoot11/ActiveBuildRoot/Library/Caches/com.apple.xbs/Sources/IDEFrameworks/IDEFrameworks-22269/IDEFoundation/Provisioning/Capabilities Infrastructure/IDECapabilityQuerySelection.swift:103
Details:  createItemModels creation requirements should not create capability item model for a capability item model that already exists.
Function: createItemModels(for:itemModelSource:)
Thread:   <_NSMainThread: 0x600000a643c0>{number = 1, name = main}
Please file a bug at https://feedbackassistant.apple.com with this warning message and any useful information you can provide.
2023-11-22 11:58:17.508 xcodebuild[2048:48130] [MT] DVTAssertions: Warning in /System/Volumes/Data/SWE/Apps/DT/BuildRoots/BuildRoot11/ActiveBuildRoot/Library/Caches/com.apple.xbs/Sources/IDEFrameworks/IDEFrameworks-22269/IDEFoundation/Provisioning/Capabilities Infrastructure/IDECapabilityQuerySelection.swift:103
Details:  createItemModels creation requirements should not create capability item model for a capability item model that already exists.
Function: createItemModels(for:itemModelSource:)
Thread:   <_NSMainThread: 0x600000a643c0>{number = 1, name = main}
Please file a bug at https://feedbackassistant.apple.com with this warning message and any useful information you can provide.
2023-11-22 11:58:17.508 xcodebuild[2048:48130] [MT] DVTAssertions: Warning in /System/Volumes/Data/SWE/Apps/DT/BuildRoots/BuildRoot11/ActiveBuildRoot/Library/Caches/com.apple.xbs/Sources/IDEFrameworks/IDEFrameworks-22269/IDEFoundation/Provisioning/Capabilities Infrastructure/IDECapabilityQuerySelection.swift:103
Details:  createItemModels creation requirements should not create capability item model for a capability item model that already exists.
Function: createItemModels(for:itemModelSource:)
Thread:   <_NSMainThread: 0x600000a643c0>{number = 1, name = main}
Please file a bug at https://feedbackassistant.apple.com with this warning message and any useful information you can provide.
2023-11-22 11:58:17.508 xcodebuild[2048:48130] [MT] DVTAssertions: Warning in /System/Volumes/Data/SWE/Apps/DT/BuildRoots/BuildRoot11/ActiveBuildRoot/Library/Caches/com.apple.xbs/Sources/IDEFrameworks/IDEFrameworks-22269/IDEFoundation/Provisioning/Capabilities Infrastructure/IDECapabilityQuerySelection.swift:103
Details:  createItemModels creation requirements should not create capability item model for a capability item model that already exists.
Function: createItemModels(for:itemModelSource:)
Thread:   <_NSMainThread: 0x600000a643c0>{number = 1, name = main}
Please file a bug at https://feedbackassistant.apple.com with this warning message and any useful information you can provide.
2023-11-22 11:58:17.508 xcodebuild[2048:48130] [MT] DVTAssertions: Warning in /System/Volumes/Data/SWE/Apps/DT/BuildRoots/BuildRoot11/ActiveBuildRoot/Library/Caches/com.apple.xbs/Sources/IDEFrameworks/IDEFrameworks-22269/IDEFoundation/Provisioning/Capabilities Infrastructure/IDECapabilityQuerySelection.swift:103
Details:  createItemModels creation requirements should not create capability item model for a capability item model that already exists.
Function: createItemModels(for:itemModelSource:)
Thread:   <_NSMainThread: 0x600000a643c0>{number = 1, name = main}
Please file a bug at https://feedbackassistant.apple.com with this warning message and any useful information you can provide.
2023-11-22 11:58:17.508 xcodebuild[2048:48130] [MT] DVTAssertions: Warning in /System/Volumes/Data/SWE/Apps/DT/BuildRoots/BuildRoot11/ActiveBuildRoot/Library/Caches/com.apple.xbs/Sources/IDEFrameworks/IDEFrameworks-22269/IDEFoundation/Provisioning/Capabilities Infrastructure/IDECapabilityQuerySelection.swift:103
Details:  createItemModels creation requirements should not create capability item model for a capability item model that already exists.
Function: createItemModels(for:itemModelSource:)
Thread:   <_NSMainThread: 0x600000a643c0>{number = 1, name = main}
Please file a bug at https://feedbackassistant.apple.com with this warning message and any useful information you can provide.
2023-11-22 11:58:17.508 xcodebuild[2048:48130] [MT] DVTAssertions: Warning in /System/Volumes/Data/SWE/Apps/DT/BuildRoots/BuildRoot11/ActiveBuildRoot/Library/Caches/com.apple.xbs/Sources/IDEFrameworks/IDEFrameworks-22269/IDEFoundation/Provisioning/Capabilities Infrastructure/IDECapabilityQuerySelection.swift:103
Details:  createItemModels creation requirements should not create capability item model for a capability item model that already exists.
Function: createItemModels(for:itemModelSource:)
Thread:   <_NSMainThread: 0x600000a643c0>{number = 1, name = main}
Please file a bug at https://feedbackassistant.apple.com with this warning message and any useful information you can provide.
2023-11-22 11:58:17.509 xcodebuild[2048:48130] [MT] DVTAssertions: Warning in /System/Volumes/Data/SWE/Apps/DT/BuildRoots/BuildRoot11/ActiveBuildRoot/Library/Caches/com.apple.xbs/Sources/IDEFrameworks/IDEFrameworks-22269/IDEFoundation/Provisioning/Capabilities Infrastructure/IDECapabilityQuerySelection.swift:103
Details:  createItemModels creation requirements should not create capability item model for a capability item model that already exists.
Function: createItemModels(for:itemModelSource:)
Thread:   <_NSMainThread: 0x600000a643c0>{number = 1, name = main}
Please file a bug at https://feedbackassistant.apple.com with this warning message and any useful information you can provide.
2023-11-22 11:58:17.509 xcodebuild[2048:48130] [MT] DVTAssertions: Warning in /System/Volumes/Data/SWE/Apps/DT/BuildRoots/BuildRoot11/ActiveBuildRoot/Library/Caches/com.apple.xbs/Sources/IDEFrameworks/IDEFrameworks-22269/IDEFoundation/Provisioning/Capabilities Infrastructure/IDECapabilityQuerySelection.swift:103
Details:  createItemModels creation requirements should not create capability item model for a capability item model that already exists.
Function: createItemModels(for:itemModelSource:)
Thread:   <_NSMainThread: 0x600000a643c0>{number = 1, name = main}
Please file a bug at https://feedbackassistant.apple.com with this warning message and any useful information you can provide.
2023-11-22 11:58:17.509 xcodebuild[2048:48130] [MT] DVTAssertions: Warning in /System/Volumes/Data/SWE/Apps/DT/BuildRoots/BuildRoot11/ActiveBuildRoot/Library/Caches/com.apple.xbs/Sources/IDEFrameworks/IDEFrameworks-22269/IDEFoundation/Provisioning/Capabilities Infrastructure/IDECapabilityQuerySelection.swift:103
Details:  createItemModels creation requirements should not create capability item model for a capability item model that already exists.
Function: createItemModels(for:itemModelSource:)
Thread:   <_NSMainThread: 0x600000a643c0>{number = 1, name = main}
Please file a bug at https://feedbackassistant.apple.com with this warning message and any useful information you can provide.
2023-11-22 11:58:17.509 xcodebuild[2048:48130] [MT] DVTAssertions: Warning in /System/Volumes/Data/SWE/Apps/DT/BuildRoots/BuildRoot11/ActiveBuildRoot/Library/Caches/com.apple.xbs/Sources/IDEFrameworks/IDEFrameworks-22269/IDEFoundation/Provisioning/Capabilities Infrastructure/IDECapabilityQuerySelection.swift:103
Details:  createItemModels creation requirements should not create capability item model for a capability item model that already exists.
Function: createItemModels(for:itemModelSource:)
Thread:   <_NSMainThread: 0x600000a643c0>{number = 1, name = main}
Please file a bug at https://feedbackassistant.apple.com with this warning message and any useful information you can provide.
2023-11-22 11:58:17.528 xcodebuild[2048:48130] [MT] DVTAssertions: Warning in /System/Volumes/Data/SWE/Apps/DT/BuildRoots/BuildRoot11/ActiveBuildRoot/Library/Caches/com.apple.xbs/Sources/IDEFrameworks/IDEFrameworks-22269/IDEFoundation/Provisioning/Capabilities Infrastructure/IDECapabilityQuerySelection.swift:103
Details:  createItemModels creation requirements should not create capability item model for a capability item model that already exists.
Function: createItemModels(for:itemModelSource:)
Thread:   <_NSMainThread: 0x600000a643c0>{number = 1, name = main}
Please file a bug at https://feedbackassistant.apple.com with this warning message and any useful information you can provide.
2023-11-22 11:58:17.528 xcodebuild[2048:48130] [MT] DVTAssertions: Warning in /System/Volumes/Data/SWE/Apps/DT/BuildRoots/BuildRoot11/ActiveBuildRoot/Library/Caches/com.apple.xbs/Sources/IDEFrameworks/IDEFrameworks-22269/IDEFoundation/Provisioning/Capabilities Infrastructure/IDECapabilityQuerySelection.swift:103
Details:  createItemModels creation requirements should not create capability item model for a capability item model that already exists.
Function: createItemModels(for:itemModelSource:)
Thread:   <_NSMainThread: 0x600000a643c0>{number = 1, name = main}
Please file a bug at https://feedbackassistant.apple.com with this warning message and any useful information you can provide.
2023-11-22 11:58:17.528 xcodebuild[2048:48130] [MT] DVTAssertions: Warning in /System/Volumes/Data/SWE/Apps/DT/BuildRoots/BuildRoot11/ActiveBuildRoot/Library/Caches/com.apple.xbs/Sources/IDEFrameworks/IDEFrameworks-22269/IDEFoundation/Provisioning/Capabilities Infrastructure/IDECapabilityQuerySelection.swift:103
Details:  createItemModels creation requirements should not create capability item model for a capability item model that already exists.
Function: createItemModels(for:itemModelSource:)
Thread:   <_NSMainThread: 0x600000a643c0>{number = 1, name = main}
Please file a bug at https://feedbackassistant.apple.com with this warning message and any useful information you can provide.
2023-11-22 11:58:17.528 xcodebuild[2048:48130] [MT] DVTAssertions: Warning in /System/Volumes/Data/SWE/Apps/DT/BuildRoots/BuildRoot11/ActiveBuildRoot/Library/Caches/com.apple.xbs/Sources/IDEFrameworks/IDEFrameworks-22269/IDEFoundation/Provisioning/Capabilities Infrastructure/IDECapabilityQuerySelection.swift:103
Details:  createItemModels creation requirements should not create capability item model for a capability item model that already exists.
Function: createItemModels(for:itemModelSource:)
Thread:   <_NSMainThread: 0x600000a643c0>{number = 1, name = main}
Please file a bug at https://feedbackassistant.apple.com with this warning message and any useful information you can provide.
2023-11-22 11:58:17.529 xcodebuild[2048:48130] [MT] DVTAssertions: Warning in /System/Volumes/Data/SWE/Apps/DT/BuildRoots/BuildRoot11/ActiveBuildRoot/Library/Caches/com.apple.xbs/Sources/IDEFrameworks/IDEFrameworks-22269/IDEFoundation/Provisioning/Capabilities Infrastructure/IDECapabilityQuerySelection.swift:103
Details:  createItemModels creation requirements should not create capability item model for a capability item model that already exists.
Function: createItemModels(for:itemModelSource:)
Thread:   <_NSMainThread: 0x600000a643c0>{number = 1, name = main}
Please file a bug at https://feedbackassistant.apple.com with this warning message and any useful information you can provide.
2023-11-22 11:58:17.529 xcodebuild[2048:48130] [MT] DVTAssertions: Warning in /System/Volumes/Data/SWE/Apps/DT/BuildRoots/BuildRoot11/ActiveBuildRoot/Library/Caches/com.apple.xbs/Sources/IDEFrameworks/IDEFrameworks-22269/IDEFoundation/Provisioning/Capabilities Infrastructure/IDECapabilityQuerySelection.swift:103
Details:  createItemModels creation requirements should not create capability item model for a capability item model that already exists.
Function: createItemModels(for:itemModelSource:)
Thread:   <_NSMainThread: 0x600000a643c0>{number = 1, name = main}
Please file a bug at https://feedbackassistant.apple.com with this warning message and any useful information you can provide.
2023-11-22 11:58:17.529 xcodebuild[2048:48130] [MT] DVTAssertions: Warning in /System/Volumes/Data/SWE/Apps/DT/BuildRoots/BuildRoot11/ActiveBuildRoot/Library/Caches/com.apple.xbs/Sources/IDEFrameworks/IDEFrameworks-22269/IDEFoundation/Provisioning/Capabilities Infrastructure/IDECapabilityQuerySelection.swift:103
Details:  createItemModels creation requirements should not create capability item model for a capability item model that already exists.
Function: createItemModels(for:itemModelSource:)
Thread:   <_NSMainThread: 0x600000a643c0>{number = 1, name = main}
Please file a bug at https://feedbackassistant.apple.com with this warning message and any useful information you can provide.
2023-11-22 11:58:17.529 xcodebuild[2048:48130] [MT] DVTAssertions: Warning in /System/Volumes/Data/SWE/Apps/DT/BuildRoots/BuildRoot11/ActiveBuildRoot/Library/Caches/com.apple.xbs/Sources/IDEFrameworks/IDEFrameworks-22269/IDEFoundation/Provisioning/Capabilities Infrastructure/IDECapabilityQuerySelection.swift:103
Details:  createItemModels creation requirements should not create capability item model for a capability item model that already exists.
Function: createItemModels(for:itemModelSource:)
Thread:   <_NSMainThread: 0x600000a643c0>{number = 1, name = main}
Please file a bug at https://feedbackassistant.apple.com with this warning message and any useful information you can provide.
2023-11-22 11:58:17.529 xcodebuild[2048:48130] [MT] DVTAssertions: Warning in /System/Volumes/Data/SWE/Apps/DT/BuildRoots/BuildRoot11/ActiveBuildRoot/Library/Caches/com.apple.xbs/Sources/IDEFrameworks/IDEFrameworks-22269/IDEFoundation/Provisioning/Capabilities Infrastructure/IDECapabilityQuerySelection.swift:103
Details:  createItemModels creation requirements should not create capability item model for a capability item model that already exists.
Function: createItemModels(for:itemModelSource:)
Thread:   <_NSMainThread: 0x600000a643c0>{number = 1, name = main}
Please file a bug at https://feedbackassistant.apple.com with this warning message and any useful information you can provide.
2023-11-22 11:58:17.529 xcodebuild[2048:48130] [MT] DVTAssertions: Warning in /System/Volumes/Data/SWE/Apps/DT/BuildRoots/BuildRoot11/ActiveBuildRoot/Library/Caches/com.apple.xbs/Sources/IDEFrameworks/IDEFrameworks-22269/IDEFoundation/Provisioning/Capabilities Infrastructure/IDECapabilityQuerySelection.swift:103
Details:  createItemModels creation requirements should not create capability item model for a capability item model that already exists.
Function: createItemModels(for:itemModelSource:)
Thread:   <_NSMainThread: 0x600000a643c0>{number = 1, name = main}
Please file a bug at https://feedbackassistant.apple.com with this warning message and any useful information you can provide.
2023-11-22 11:58:17.529 xcodebuild[2048:48130] [MT] DVTAssertions: Warning in /System/Volumes/Data/SWE/Apps/DT/BuildRoots/BuildRoot11/ActiveBuildRoot/Library/Caches/com.apple.xbs/Sources/IDEFrameworks/IDEFrameworks-22269/IDEFoundation/Provisioning/Capabilities Infrastructure/IDECapabilityQuerySelection.swift:103
Details:  createItemModels creation requirements should not create capability item model for a capability item model that already exists.
Function: createItemModels(for:itemModelSource:)
Thread:   <_NSMainThread: 0x600000a643c0>{number = 1, name = main}
Please file a bug at https://feedbackassistant.apple.com with this warning message and any useful information you can provide.
2023-11-22 11:58:17.529 xcodebuild[2048:48130] [MT] DVTAssertions: Warning in /System/Volumes/Data/SWE/Apps/DT/BuildRoots/BuildRoot11/ActiveBuildRoot/Library/Caches/com.apple.xbs/Sources/IDEFrameworks/IDEFrameworks-22269/IDEFoundation/Provisioning/Capabilities Infrastructure/IDECapabilityQuerySelection.swift:103
Details:  createItemModels creation requirements should not create capability item model for a capability item model that already exists.
Function: createItemModels(for:itemModelSource:)
Thread:   <_NSMainThread: 0x600000a643c0>{number = 1, name = main}
Please file a bug at https://feedbackassistant.apple.com with this warning message and any useful information you can provide.
2023-11-22 11:58:17.529 xcodebuild[2048:48130] [MT] DVTAssertions: Warning in /System/Volumes/Data/SWE/Apps/DT/BuildRoots/BuildRoot11/ActiveBuildRoot/Library/Caches/com.apple.xbs/Sources/IDEFrameworks/IDEFrameworks-22269/IDEFoundation/Provisioning/Capabilities Infrastructure/IDECapabilityQuerySelection.swift:103
Details:  createItemModels creation requirements should not create capability item model for a capability item model that already exists.
Function: createItemModels(for:itemModelSource:)
Thread:   <_NSMainThread: 0x600000a643c0>{number = 1, name = main}
Please file a bug at https://feedbackassistant.apple.com with this warning message and any useful information you can provide.
2023-11-22 11:58:17.529 xcodebuild[2048:48130] [MT] DVTAssertions: Warning in /System/Volumes/Data/SWE/Apps/DT/BuildRoots/BuildRoot11/ActiveBuildRoot/Library/Caches/com.apple.xbs/Sources/IDEFrameworks/IDEFrameworks-22269/IDEFoundation/Provisioning/Capabilities Infrastructure/IDECapabilityQuerySelection.swift:103
Details:  createItemModels creation requirements should not create capability item model for a capability item model that already exists.
Function: createItemModels(for:itemModelSource:)
Thread:   <_NSMainThread: 0x600000a643c0>{number = 1, name = main}
Please file a bug at https://feedbackassistant.apple.com with this warning message and any useful information you can provide.
2023-11-22 11:58:17.529 xcodebuild[2048:48130] [MT] DVTAssertions: Warning in /System/Volumes/Data/SWE/Apps/DT/BuildRoots/BuildRoot11/ActiveBuildRoot/Library/Caches/com.apple.xbs/Sources/IDEFrameworks/IDEFrameworks-22269/IDEFoundation/Provisioning/Capabilities Infrastructure/IDECapabilityQuerySelection.swift:103
Details:  createItemModels creation requirements should not create capability item model for a capability item model that already exists.
Function: createItemModels(for:itemModelSource:)
Thread:   <_NSMainThread: 0x600000a643c0>{number = 1, name = main}
Please file a bug at https://feedbackassistant.apple.com with this warning message and any useful information you can provide.
2023-11-22 11:58:17.529 xcodebuild[2048:48130] [MT] DVTAssertions: Warning in /System/Volumes/Data/SWE/Apps/DT/BuildRoots/BuildRoot11/ActiveBuildRoot/Library/Caches/com.apple.xbs/Sources/IDEFrameworks/IDEFrameworks-22269/IDEFoundation/Provisioning/Capabilities Infrastructure/IDECapabilityQuerySelection.swift:103
Details:  createItemModels creation requirements should not create capability item model for a capability item model that already exists.
Function: createItemModels(for:itemModelSource:)
Thread:   <_NSMainThread: 0x600000a643c0>{number = 1, name = main}
Please file a bug at https://feedbackassistant.apple.com with this warning message and any useful information you can provide.
2023-11-22 11:58:17.529 xcodebuild[2048:48130] [MT] DVTAssertions: Warning in /System/Volumes/Data/SWE/Apps/DT/BuildRoots/BuildRoot11/ActiveBuildRoot/Library/Caches/com.apple.xbs/Sources/IDEFrameworks/IDEFrameworks-22269/IDEFoundation/Provisioning/Capabilities Infrastructure/IDECapabilityQuerySelection.swift:103
Details:  createItemModels creation requirements should not create capability item model for a capability item model that already exists.
Function: createItemModels(for:itemModelSource:)
Thread:   <_NSMainThread: 0x600000a643c0>{number = 1, name = main}
Please file a bug at https://feedbackassistant.apple.com with this warning message and any useful information you can provide.
2023-11-22 11:58:17.529 xcodebuild[2048:48130] [MT] DVTAssertions: Warning in /System/Volumes/Data/SWE/Apps/DT/BuildRoots/BuildRoot11/ActiveBuildRoot/Library/Caches/com.apple.xbs/Sources/IDEFrameworks/IDEFrameworks-22269/IDEFoundation/Provisioning/Capabilities Infrastructure/IDECapabilityQuerySelection.swift:103
Details:  createItemModels creation requirements should not create capability item model for a capability item model that already exists.
Function: createItemModels(for:itemModelSource:)
Thread:   <_NSMainThread: 0x600000a643c0>{number = 1, name = main}
Please file a bug at https://feedbackassistant.apple.com with this warning message and any useful information you can provide.
2023-11-22 11:58:17.529 xcodebuild[2048:48130] [MT] DVTAssertions: Warning in /System/Volumes/Data/SWE/Apps/DT/BuildRoots/BuildRoot11/ActiveBuildRoot/Library/Caches/com.apple.xbs/Sources/IDEFrameworks/IDEFrameworks-22269/IDEFoundation/Provisioning/Capabilities Infrastructure/IDECapabilityQuerySelection.swift:103
Details:  createItemModels creation requirements should not create capability item model for a capability item model that already exists.
Function: createItemModels(for:itemModelSource:)
Thread:   <_NSMainThread: 0x600000a643c0>{number = 1, name = main}
Please file a bug at https://feedbackassistant.apple.com with this warning message and any useful information you can provide.
2023-11-22 11:58:17.529 xcodebuild[2048:48130] [MT] DVTAssertions: Warning in /System/Volumes/Data/SWE/Apps/DT/BuildRoots/BuildRoot11/ActiveBuildRoot/Library/Caches/com.apple.xbs/Sources/IDEFrameworks/IDEFrameworks-22269/IDEFoundation/Provisioning/Capabilities Infrastructure/IDECapabilityQuerySelection.swift:103
Details:  createItemModels creation requirements should not create capability item model for a capability item model that already exists.
Function: createItemModels(for:itemModelSource:)
Thread:   <_NSMainThread: 0x600000a643c0>{number = 1, name = main}
Please file a bug at https://feedbackassistant.apple.com with this warning message and any useful information you can provide.
2023-11-22 11:58:17.531 xcodebuild[2048:48130] [MT] DVTAssertions: Warning in /System/Volumes/Data/SWE/Apps/DT/BuildRoots/BuildRoot11/ActiveBuildRoot/Library/Caches/com.apple.xbs/Sources/IDEFrameworks/IDEFrameworks-22269/IDEFoundation/Provisioning/Capabilities Infrastructure/IDECapabilityQuerySelection.swift:103
Details:  createItemModels creation requirements should not create capability item model for a capability item model that already exists.
Function: createItemModels(for:itemModelSource:)
Thread:   <_NSMainThread: 0x600000a643c0>{number = 1, name = main}
Please file a bug at https://feedbackassistant.apple.com with this warning message and any useful information you can provide.
2023-11-22 11:58:17.531 xcodebuild[2048:48130] [MT] DVTAssertions: Warning in /System/Volumes/Data/SWE/Apps/DT/BuildRoots/BuildRoot11/ActiveBuildRoot/Library/Caches/com.apple.xbs/Sources/IDEFrameworks/IDEFrameworks-22269/IDEFoundation/Provisioning/Capabilities Infrastructure/IDECapabilityQuerySelection.swift:103
Details:  createItemModels creation requirements should not create capability item model for a capability item model that already exists.
Function: createItemModels(for:itemModelSource:)
Thread:   <_NSMainThread: 0x600000a643c0>{number = 1, name = main}
Please file a bug at https://feedbackassistant.apple.com with this warning message and any useful information you can provide.
2023-11-22 11:58:17.531 xcodebuild[2048:48130] [MT] DVTAssertions: Warning in /System/Volumes/Data/SWE/Apps/DT/BuildRoots/BuildRoot11/ActiveBuildRoot/Library/Caches/com.apple.xbs/Sources/IDEFrameworks/IDEFrameworks-22269/IDEFoundation/Provisioning/Capabilities Infrastructure/IDECapabilityQuerySelection.swift:103
Details:  createItemModels creation requirements should not create capability item model for a capability item model that already exists.
Function: createItemModels(for:itemModelSource:)
Thread:   <_NSMainThread: 0x600000a643c0>{number = 1, name = main}
Please file a bug at https://feedbackassistant.apple.com with this warning message and any useful information you can provide.
2023-11-22 11:58:17.531 xcodebuild[2048:48130] [MT] DVTAssertions: Warning in /System/Volumes/Data/SWE/Apps/DT/BuildRoots/BuildRoot11/ActiveBuildRoot/Library/Caches/com.apple.xbs/Sources/IDEFrameworks/IDEFrameworks-22269/IDEFoundation/Provisioning/Capabilities Infrastructure/IDECapabilityQuerySelection.swift:103
Details:  createItemModels creation requirements should not create capability item model for a capability item model that already exists.
Function: createItemModels(for:itemModelSource:)
Thread:   <_NSMainThread: 0x600000a643c0>{number = 1, name = main}
Please file a bug at https://feedbackassistant.apple.com with this warning message and any useful information you can provide.
2023-11-22 11:58:17.531 xcodebuild[2048:48130] [MT] DVTAssertions: Warning in /System/Volumes/Data/SWE/Apps/DT/BuildRoots/BuildRoot11/ActiveBuildRoot/Library/Caches/com.apple.xbs/Sources/IDEFrameworks/IDEFrameworks-22269/IDEFoundation/Provisioning/Capabilities Infrastructure/IDECapabilityQuerySelection.swift:103
Details:  createItemModels creation requirements should not create capability item model for a capability item model that already exists.
Function: createItemModels(for:itemModelSource:)
Thread:   <_NSMainThread: 0x600000a643c0>{number = 1, name = main}
Please file a bug at https://feedbackassistant.apple.com with this warning message and any useful information you can provide.
2023-11-22 11:58:17.531 xcodebuild[2048:48130] [MT] DVTAssertions: Warning in /System/Volumes/Data/SWE/Apps/DT/BuildRoots/BuildRoot11/ActiveBuildRoot/Library/Caches/com.apple.xbs/Sources/IDEFrameworks/IDEFrameworks-22269/IDEFoundation/Provisioning/Capabilities Infrastructure/IDECapabilityQuerySelection.swift:103
Details:  createItemModels creation requirements should not create capability item model for a capability item model that already exists.
Function: createItemModels(for:itemModelSource:)
Thread:   <_NSMainThread: 0x600000a643c0>{number = 1, name = main}
Please file a bug at https://feedbackassistant.apple.com with this warning message and any useful information you can provide.
2023-11-22 11:58:17.531 xcodebuild[2048:48130] [MT] DVTAssertions: Warning in /System/Volumes/Data/SWE/Apps/DT/BuildRoots/BuildRoot11/ActiveBuildRoot/Library/Caches/com.apple.xbs/Sources/IDEFrameworks/IDEFrameworks-22269/IDEFoundation/Provisioning/Capabilities Infrastructure/IDECapabilityQuerySelection.swift:103
Details:  createItemModels creation requirements should not create capability item model for a capability item model that already exists.
Function: createItemModels(for:itemModelSource:)
Thread:   <_NSMainThread: 0x600000a643c0>{number = 1, name = main}
Please file a bug at https://feedbackassistant.apple.com with this warning message and any useful information you can provide.
2023-11-22 11:58:17.531 xcodebuild[2048:48130] [MT] DVTAssertions: Warning in /System/Volumes/Data/SWE/Apps/DT/BuildRoots/BuildRoot11/ActiveBuildRoot/Library/Caches/com.apple.xbs/Sources/IDEFrameworks/IDEFrameworks-22269/IDEFoundation/Provisioning/Capabilities Infrastructure/IDECapabilityQuerySelection.swift:103
Details:  createItemModels creation requirements should not create capability item model for a capability item model that already exists.
Function: createItemModels(for:itemModelSource:)
Thread:   <_NSMainThread: 0x600000a643c0>{number = 1, name = main}
Please file a bug at https://feedbackassistant.apple.com with this warning message and any useful information you can provide.
2023-11-22 11:58:17.531 xcodebuild[2048:48130] [MT] DVTAssertions: Warning in /System/Volumes/Data/SWE/Apps/DT/BuildRoots/BuildRoot11/ActiveBuildRoot/Library/Caches/com.apple.xbs/Sources/IDEFrameworks/IDEFrameworks-22269/IDEFoundation/Provisioning/Capabilities Infrastructure/IDECapabilityQuerySelection.swift:103
Details:  createItemModels creation requirements should not create capability item model for a capability item model that already exists.
Function: createItemModels(for:itemModelSource:)
Thread:   <_NSMainThread: 0x600000a643c0>{number = 1, name = main}
Please file a bug at https://feedbackassistant.apple.com with this warning message and any useful information you can provide.
2023-11-22 11:58:17.531 xcodebuild[2048:48130] [MT] DVTAssertions: Warning in /System/Volumes/Data/SWE/Apps/DT/BuildRoots/BuildRoot11/ActiveBuildRoot/Library/Caches/com.apple.xbs/Sources/IDEFrameworks/IDEFrameworks-22269/IDEFoundation/Provisioning/Capabilities Infrastructure/IDECapabilityQuerySelection.swift:103
Details:  createItemModels creation requirements should not create capability item model for a capability item model that already exists.
Function: createItemModels(for:itemModelSource:)
Thread:   <_NSMainThread: 0x600000a643c0>{number = 1, name = main}
Please file a bug at https://feedbackassistant.apple.com with this warning message and any useful information you can provide.
2023-11-22 11:58:17.531 xcodebuild[2048:48130] [MT] DVTAssertions: Warning in /System/Volumes/Data/SWE/Apps/DT/BuildRoots/BuildRoot11/ActiveBuildRoot/Library/Caches/com.apple.xbs/Sources/IDEFrameworks/IDEFrameworks-22269/IDEFoundation/Provisioning/Capabilities Infrastructure/IDECapabilityQuerySelection.swift:103
Details:  createItemModels creation requirements should not create capability item model for a capability item model that already exists.
Function: createItemModels(for:itemModelSource:)
Thread:   <_NSMainThread: 0x600000a643c0>{number = 1, name = main}
Please file a bug at https://feedbackassistant.apple.com with this warning message and any useful information you can provide.
2023-11-22 11:58:17.532 xcodebuild[2048:48130] [MT] DVTAssertions: Warning in /System/Volumes/Data/SWE/Apps/DT/BuildRoots/BuildRoot11/ActiveBuildRoot/Library/Caches/com.apple.xbs/Sources/IDEFrameworks/IDEFrameworks-22269/IDEFoundation/Provisioning/Capabilities Infrastructure/IDECapabilityQuerySelection.swift:103
Details:  createItemModels creation requirements should not create capability item model for a capability item model that already exists.
Function: createItemModels(for:itemModelSource:)
Thread:   <_NSMainThread: 0x600000a643c0>{number = 1, name = main}
Please file a bug at https://feedbackassistant.apple.com with this warning message and any useful information you can provide.
2023-11-22 11:58:17.532 xcodebuild[2048:48130] [MT] DVTAssertions: Warning in /System/Volumes/Data/SWE/Apps/DT/BuildRoots/BuildRoot11/ActiveBuildRoot/Library/Caches/com.apple.xbs/Sources/IDEFrameworks/IDEFrameworks-22269/IDEFoundation/Provisioning/Capabilities Infrastructure/IDECapabilityQuerySelection.swift:103
Details:  createItemModels creation requirements should not create capability item model for a capability item model that already exists.
Function: createItemModels(for:itemModelSource:)
Thread:   <_NSMainThread: 0x600000a643c0>{number = 1, name = main}
Please file a bug at https://feedbackassistant.apple.com with this warning message and any useful information you can provide.
2023-11-22 11:58:17.532 xcodebuild[2048:48130] [MT] DVTAssertions: Warning in /System/Volumes/Data/SWE/Apps/DT/BuildRoots/BuildRoot11/ActiveBuildRoot/Library/Caches/com.apple.xbs/Sources/IDEFrameworks/IDEFrameworks-22269/IDEFoundation/Provisioning/Capabilities Infrastructure/IDECapabilityQuerySelection.swift:103
Details:  createItemModels creation requirements should not create capability item model for a capability item model that already exists.
Function: createItemModels(for:itemModelSource:)
Thread:   <_NSMainThread: 0x600000a643c0>{number = 1, name = main}
Please file a bug at https://feedbackassistant.apple.com with this warning message and any useful information you can provide.
2023-11-22 11:58:17.532 xcodebuild[2048:48130] [MT] DVTAssertions: Warning in /System/Volumes/Data/SWE/Apps/DT/BuildRoots/BuildRoot11/ActiveBuildRoot/Library/Caches/com.apple.xbs/Sources/IDEFrameworks/IDEFrameworks-22269/IDEFoundation/Provisioning/Capabilities Infrastructure/IDECapabilityQuerySelection.swift:103
Details:  createItemModels creation requirements should not create capability item model for a capability item model that already exists.
Function: createItemModels(for:itemModelSource:)
Thread:   <_NSMainThread: 0x600000a643c0>{number = 1, name = main}
Please file a bug at https://feedbackassistant.apple.com with this warning message and any useful information you can provide.
2023-11-22 11:58:17.532 xcodebuild[2048:48130] [MT] DVTAssertions: Warning in /System/Volumes/Data/SWE/Apps/DT/BuildRoots/BuildRoot11/ActiveBuildRoot/Library/Caches/com.apple.xbs/Sources/IDEFrameworks/IDEFrameworks-22269/IDEFoundation/Provisioning/Capabilities Infrastructure/IDECapabilityQuerySelection.swift:103
Details:  createItemModels creation requirements should not create capability item model for a capability item model that already exists.
Function: createItemModels(for:itemModelSource:)
Thread:   <_NSMainThread: 0x600000a643c0>{number = 1, name = main}
Please file a bug at https://feedbackassistant.apple.com with this warning message and any useful information you can provide.
2023-11-22 11:58:17.532 xcodebuild[2048:48130] [MT] DVTAssertions: Warning in /System/Volumes/Data/SWE/Apps/DT/BuildRoots/BuildRoot11/ActiveBuildRoot/Library/Caches/com.apple.xbs/Sources/IDEFrameworks/IDEFrameworks-22269/IDEFoundation/Provisioning/Capabilities Infrastructure/IDECapabilityQuerySelection.swift:103
Details:  createItemModels creation requirements should not create capability item model for a capability item model that already exists.
Function: createItemModels(for:itemModelSource:)
Thread:   <_NSMainThread: 0x600000a643c0>{number = 1, name = main}
Please file a bug at https://feedbackassistant.apple.com with this warning message and any useful information you can provide.
2023-11-22 11:58:17.532 xcodebuild[2048:48130] [MT] DVTAssertions: Warning in /System/Volumes/Data/SWE/Apps/DT/BuildRoots/BuildRoot11/ActiveBuildRoot/Library/Caches/com.apple.xbs/Sources/IDEFrameworks/IDEFrameworks-22269/IDEFoundation/Provisioning/Capabilities Infrastructure/IDECapabilityQuerySelection.swift:103
Details:  createItemModels creation requirements should not create capability item model for a capability item model that already exists.
Function: createItemModels(for:itemModelSource:)
Thread:   <_NSMainThread: 0x600000a643c0>{number = 1, name = main}
Please file a bug at https://feedbackassistant.apple.com with this warning message and any useful information you can provide.
2023-11-22 11:58:17.532 xcodebuild[2048:48130] [MT] DVTAssertions: Warning in /System/Volumes/Data/SWE/Apps/DT/BuildRoots/BuildRoot11/ActiveBuildRoot/Library/Caches/com.apple.xbs/Sources/IDEFrameworks/IDEFrameworks-22269/IDEFoundation/Provisioning/Capabilities Infrastructure/IDECapabilityQuerySelection.swift:103
Details:  createItemModels creation requirements should not create capability item model for a capability item model that already exists.
Function: createItemModels(for:itemModelSource:)
Thread:   <_NSMainThread: 0x600000a643c0>{number = 1, name = main}
Please file a bug at https://feedbackassistant.apple.com with this warning message and any useful information you can provide.
2023-11-22 11:58:17.532 xcodebuild[2048:48130] [MT] DVTAssertions: Warning in /System/Volumes/Data/SWE/Apps/DT/BuildRoots/BuildRoot11/ActiveBuildRoot/Library/Caches/com.apple.xbs/Sources/IDEFrameworks/IDEFrameworks-22269/IDEFoundation/Provisioning/Capabilities Infrastructure/IDECapabilityQuerySelection.swift:103
Details:  createItemModels creation requirements should not create capability item model for a capability item model that already exists.
Function: createItemModels(for:itemModelSource:)
Thread:   <_NSMainThread: 0x600000a643c0>{number = 1, name = main}
Please file a bug at https://feedbackassistant.apple.com with this warning message and any useful information you can provide.
2023-11-22 11:58:17.532 xcodebuild[2048:48130] [MT] DVTAssertions: Warning in /System/Volumes/Data/SWE/Apps/DT/BuildRoots/BuildRoot11/ActiveBuildRoot/Library/Caches/com.apple.xbs/Sources/IDEFrameworks/IDEFrameworks-22269/IDEFoundation/Provisioning/Capabilities Infrastructure/IDECapabilityQuerySelection.swift:103
Details:  createItemModels creation requirements should not create capability item model for a capability item model that already exists.
Function: createItemModels(for:itemModelSource:)
Thread:   <_NSMainThread: 0x600000a643c0>{number = 1, name = main}
Please file a bug at https://feedbackassistant.apple.com with this warning message and any useful information you can provide.
2023-11-22 11:58:17.532 xcodebuild[2048:48130] [MT] DVTAssertions: Warning in /System/Volumes/Data/SWE/Apps/DT/BuildRoots/BuildRoot11/ActiveBuildRoot/Library/Caches/com.apple.xbs/Sources/IDEFrameworks/IDEFrameworks-22269/IDEFoundation/Provisioning/Capabilities Infrastructure/IDECapabilityQuerySelection.swift:103
Details:  createItemModels creation requirements should not create capability item model for a capability item model that already exists.
Function: createItemModels(for:itemModelSource:)
Thread:   <_NSMainThread: 0x600000a643c0>{number = 1, name = main}
Please file a bug at https://feedbackassistant.apple.com with this warning message and any useful information you can provide.
2023-11-22 11:58:17.532 xcodebuild[2048:48130] [MT] DVTAssertions: Warning in /System/Volumes/Data/SWE/Apps/DT/BuildRoots/BuildRoot11/ActiveBuildRoot/Library/Caches/com.apple.xbs/Sources/IDEFrameworks/IDEFrameworks-22269/IDEFoundation/Provisioning/Capabilities Infrastructure/IDECapabilityQuerySelection.swift:103
Details:  createItemModels creation requirements should not create capability item model for a capability item model that already exists.
Function: createItemModels(for:itemModelSource:)
Thread:   <_NSMainThread: 0x600000a643c0>{number = 1, name = main}
Please file a bug at https://feedbackassistant.apple.com with this warning message and any useful information you can provide.
2023-11-22 11:58:17.532 xcodebuild[2048:48130] [MT] DVTAssertions: Warning in /System/Volumes/Data/SWE/Apps/DT/BuildRoots/BuildRoot11/ActiveBuildRoot/Library/Caches/com.apple.xbs/Sources/IDEFrameworks/IDEFrameworks-22269/IDEFoundation/Provisioning/Capabilities Infrastructure/IDECapabilityQuerySelection.swift:103
Details:  createItemModels creation requirements should not create capability item model for a capability item model that already exists.
Function: createItemModels(for:itemModelSource:)
Thread:   <_NSMainThread: 0x600000a643c0>{number = 1, name = main}
Please file a bug at https://feedbackassistant.apple.com with this warning message and any useful information you can provide.
2023-11-22 11:58:17.532 xcodebuild[2048:48130] [MT] DVTAssertions: Warning in /System/Volumes/Data/SWE/Apps/DT/BuildRoots/BuildRoot11/ActiveBuildRoot/Library/Caches/com.apple.xbs/Sources/IDEFrameworks/IDEFrameworks-22269/IDEFoundation/Provisioning/Capabilities Infrastructure/IDECapabilityQuerySelection.swift:103
Details:  createItemModels creation requirements should not create capability item model for a capability item model that already exists.
Function: createItemModels(for:itemModelSource:)
Thread:   <_NSMainThread: 0x600000a643c0>{number = 1, name = main}
Please file a bug at https://feedbackassistant.apple.com with this warning message and any useful information you can provide.
2023-11-22 11:58:17.532 xcodebuild[2048:48130] [MT] DVTAssertions: Warning in /System/Volumes/Data/SWE/Apps/DT/BuildRoots/BuildRoot11/ActiveBuildRoot/Library/Caches/com.apple.xbs/Sources/IDEFrameworks/IDEFrameworks-22269/IDEFoundation/Provisioning/Capabilities Infrastructure/IDECapabilityQuerySelection.swift:103
Details:  createItemModels creation requirements should not create capability item model for a capability item model that already exists.
Function: createItemModels(for:itemModelSource:)
Thread:   <_NSMainThread: 0x600000a643c0>{number = 1, name = main}
Please file a bug at https://feedbackassistant.apple.com with this warning message and any useful information you can provide.
2023-11-22 11:58:17.532 xcodebuild[2048:48130] [MT] DVTAssertions: Warning in /System/Volumes/Data/SWE/Apps/DT/BuildRoots/BuildRoot11/ActiveBuildRoot/Library/Caches/com.apple.xbs/Sources/IDEFrameworks/IDEFrameworks-22269/IDEFoundation/Provisioning/Capabilities Infrastructure/IDECapabilityQuerySelection.swift:103
Details:  createItemModels creation requirements should not create capability item model for a capability item model that already exists.
Function: createItemModels(for:itemModelSource:)
Thread:   <_NSMainThread: 0x600000a643c0>{number = 1, name = main}
Please file a bug at https://feedbackassistant.apple.com with this warning message and any useful information you can provide.
2023-11-22 11:58:17.532 xcodebuild[2048:48130] [MT] DVTAssertions: Warning in /System/Volumes/Data/SWE/Apps/DT/BuildRoots/BuildRoot11/ActiveBuildRoot/Library/Caches/com.apple.xbs/Sources/IDEFrameworks/IDEFrameworks-22269/IDEFoundation/Provisioning/Capabilities Infrastructure/IDECapabilityQuerySelection.swift:103
Details:  createItemModels creation requirements should not create capability item model for a capability item model that already exists.
Function: createItemModels(for:itemModelSource:)
Thread:   <_NSMainThread: 0x600000a643c0>{number = 1, name = main}
Please file a bug at https://feedbackassistant.apple.com with this warning message and any useful information you can provide.
2023-11-22 11:58:17.532 xcodebuild[2048:48130] [MT] DVTAssertions: Warning in /System/Volumes/Data/SWE/Apps/DT/BuildRoots/BuildRoot11/ActiveBuildRoot/Library/Caches/com.apple.xbs/Sources/IDEFrameworks/IDEFrameworks-22269/IDEFoundation/Provisioning/Capabilities Infrastructure/IDECapabilityQuerySelection.swift:103
Details:  createItemModels creation requirements should not create capability item model for a capability item model that already exists.
Function: createItemModels(for:itemModelSource:)
Thread:   <_NSMainThread: 0x600000a643c0>{number = 1, name = main}
Please file a bug at https://feedbackassistant.apple.com with this warning message and any useful information you can provide.
2023-11-22 11:58:17.532 xcodebuild[2048:48130] [MT] DVTAssertions: Warning in /System/Volumes/Data/SWE/Apps/DT/BuildRoots/BuildRoot11/ActiveBuildRoot/Library/Caches/com.apple.xbs/Sources/IDEFrameworks/IDEFrameworks-22269/IDEFoundation/Provisioning/Capabilities Infrastructure/IDECapabilityQuerySelection.swift:103
Details:  createItemModels creation requirements should not create capability item model for a capability item model that already exists.
Function: createItemModels(for:itemModelSource:)
Thread:   <_NSMainThread: 0x600000a643c0>{number = 1, name = main}
Please file a bug at https://feedbackassistant.apple.com with this warning message and any useful information you can provide.
2023-11-22 11:58:17.532 xcodebuild[2048:48130] [MT] DVTAssertions: Warning in /System/Volumes/Data/SWE/Apps/DT/BuildRoots/BuildRoot11/ActiveBuildRoot/Library/Caches/com.apple.xbs/Sources/IDEFrameworks/IDEFrameworks-22269/IDEFoundation/Provisioning/Capabilities Infrastructure/IDECapabilityQuerySelection.swift:103
Details:  createItemModels creation requirements should not create capability item model for a capability item model that already exists.
Function: createItemModels(for:itemModelSource:)
Thread:   <_NSMainThread: 0x600000a643c0>{number = 1, name = main}
Please file a bug at https://feedbackassistant.apple.com with this warning message and any useful information you can provide.
2023-11-22 11:58:17.532 xcodebuild[2048:48130] [MT] DVTAssertions: Warning in /System/Volumes/Data/SWE/Apps/DT/BuildRoots/BuildRoot11/ActiveBuildRoot/Library/Caches/com.apple.xbs/Sources/IDEFrameworks/IDEFrameworks-22269/IDEFoundation/Provisioning/Capabilities Infrastructure/IDECapabilityQuerySelection.swift:103
Details:  createItemModels creation requirements should not create capability item model for a capability item model that already exists.
Function: createItemModels(for:itemModelSource:)
Thread:   <_NSMainThread: 0x600000a643c0>{number = 1, name = main}
Please file a bug at https://feedbackassistant.apple.com with this warning message and any useful information you can provide.
